<?xml version="1.0" encoding="UTF-8"?>
<testsuite name="jp.ac.uryukyu.ie.e225718.AppTest" tests="1" skipped="0" failures="0" errors="0" timestamp="2023-01-23T15:06:15" hostname="kuroshimatoshinoMacBook-Air.local" time="0.027">
  <properties/>
  <testcase name="appHasAGreeting()" classname="jp.ac.uryukyu.ie.e225718.AppTest" time="0.027"/>
  <system-out><![CDATA[]]></system-out>
  <system-err><![CDATA[]]></system-err>
</testsuite>
